<?xml version="1.0" encoding="UTF-8"?>
<!-- Generated by org.testng.reporters.JUnitReportReporter -->
<testsuite skipped="0" hostname="DESKTOP-ME2HPKL" name="Test.ValidateTemperature" tests="6" failures="0" timestamp="2021-02-08T17:55:42 IST" time="23.516" errors="0">
  <testcase name="validateTemperatureTitle" time="13.154" classname="Test.ValidateTemperature"/>
  <system-out/>
  <testcase name="validateCapturedImage" time="2.462" classname="Test.ValidateTemperature"/>
  <system-out/>
  <testcase name="validateDefaultTemeratureUnit" time="0.273" classname="Test.ValidateTemperature"/>
  <system-out/>
  <testcase name="v1" time="2.091" classname="Test.ValidateTemperature"/>
  <system-out/>
  <testcase name="validateSettingEmailAlram" time="2.398" classname="Test.ValidateTemperature"/>
  <system-out/>
  <testcase name="validateTemperatureDataDownload" time="3.138" classname="Test.ValidateTemperature"/>
  <system-out/>
</testsuite> <!-- Test.ValidateTemperature -->
